
ROM used: 10202 (31%)
          10202 (31%) including unused fragments

          5 Average locations per line
          14 Average locations per statement

RAM used: 1107 (54%) at main() level
          1162 (57%) worst case

Stack used: 7 worst case (out of 31 total available)

Lines Stmts  %   Files
----- ----- ---  -----
  377   306  42  OLED.c
  392     0   0  C:\Program Files (x86)\PICC\Devices\18F2550.h
  136     0   0  imagenes.h
 1004   431  58  SSD1306OLED.c
  163     0   0  stdint.h
----- -----
 2072   737 Total

Page ROM  %  RAM   Vol Diff  Functions:
---- --- --- ---   --- ----  ----------
0     40   0   1             @delay_ms1
0     82   0   1             @I2C_WRITE_1
0   1048   5   0             @const73
0    282   1   0             @const248
0    246   1   0             @const250
0     64   0   2   163  2.3  ssd1306_command
0    304   1   2  1032  4.5  SSD1306_Begin
0    284   1   8   447  9.7  SSD1306_DrawPixel
0    256   1   1   990  7.2  SSD1306_Display
0     38   0   4   135  4.3  SSD1306_ClearDisplay
0    538   3  19  1516  8.2  SSD1306_DrawLine
0     42   0   5   146  3.1  SSD1306_DrawFastHLine
0     42   0   5   146  3.1  SSD1306_DrawFastVLine
0     54   0   7   231  4.2  SSD1306_FillRect
0    102   0   5   274  2.8  SSD1306_DrawRect
0     32   0   1    61  1.9  SSD1306_InvertDisplay
0     74   0   6   185  4.0  SSD1306_DrawText
0     30   0   2   127  3.9  SSD1306_GotoXY
0     20   0   1    68  2.4  SSD1306_TextSize
0    434   2   8  2269 11.8  SSD1306_Print
0     36   0   5             @MUL1616
0    178   1   3   440  7.5  dibujaImagen
0    194   1   0   938  6.8  temp1s
0   4970  24   2 11150  8.9  MAIN
0     38   0   0             @const370
0     36   0   0             @const371
0     32   0   0             @const372
0     32   0   0             @const373
0     30   0   0             @const374
0     30   0   0             @const375
0     32   0   0             @const377
0     32   0   0             @const379
0     32   0   1             @SPRINTF
0     44   0   3             @DIV88
0    222   1   6             @PRINTF_D_384
0     32   0   0             @const393
0     38   0   0             @const394
0     36   0   0             @const395

Program metrics:
    Functions               18
    Statements              737
    Comments                336
    Volume (V)              28365
    Difficilty (D)          98.2
    Effort to implement (E) 2786463
    Time to implement (T)   43 hours, 0 minutes
    Est Delivered Bugs (B)  7
    Cyclomatic Complexity   89
    Maintainability (MI)    91

 Segment     Used  Free
-----------  ----  ----
00000-00002     4  0  
00004-00006     0  4  
00008-00094   142  0  
00096-07FFE  10056  22562  



